[debug] [2026-03-02T13:59:30.353Z] ----------------------------------------------------------------------
[debug] [2026-03-02T13:59:30.356Z] Command:       C:\Program Files\nodejs\node.exe C:\Users\Admin\AppData\Roaming\npm\node_modules\firebase-tools\lib\bin\firebase.js init
[debug] [2026-03-02T13:59:30.356Z] CLI Version:   15.8.0
[debug] [2026-03-02T13:59:30.356Z] Platform:      win32
[debug] [2026-03-02T13:59:30.356Z] Node Version:  v24.14.0
[debug] [2026-03-02T13:59:30.356Z] Time:          Mon Mar 02 2026 21:59:30 GMT+0800 (Philippine Standard Time)
[debug] [2026-03-02T13:59:30.356Z] ----------------------------------------------------------------------
[debug] 
[info] 
     ######## #### ########  ######## ########     ###     ######  ########
     ##        ##  ##     ## ##       ##     ##  ##   ##  ##       ##
     ######    ##  ########  ######   ########  #########  ######  ######
     ##        ##  ##    ##  ##       ##     ## ##     ##       ## ##
     ##       #### ##     ## ######## ########  ##     ##  ######  ########

You're about to initialize a Firebase project in this directory:

  C:\Users\Admin\Desktop\Sakaysalaysay

Before we get started, keep in mind:

  * You are initializing within an existing Firebase project directory

[info] 
=== Project Setup
[info] 
[info] First, let's associate this project directory with a Firebase project.
[info] You can create multiple project aliases by running firebase use --add, 
[info] 
[debug] [2026-03-02T13:59:38.043Z] > command requires scopes: ["email","openid","https://www.googleapis.com/auth/cloudplatformprojects.readonly","https://www.googleapis.com/auth/firebase","https://www.googleapis.com/auth/cloud-platform"]
[debug] [2026-03-02T13:59:38.043Z] > authorizing via signed-in user (johnmart.mabasa26@gmail.com)
[debug] [2026-03-02T13:59:38.044Z] Checked if tokens are valid: true, expires at: 1772462111745
[debug] [2026-03-02T13:59:38.044Z] Checked if tokens are valid: true, expires at: 1772462111745
[debug] [2026-03-02T13:59:38.045Z] >>> [apiv2][query] GET https://firebase.googleapis.com/v1beta1/projects/anshs-sakaysalaysay [none]
[debug] [2026-03-02T13:59:38.530Z] <<< [apiv2][status] GET https://firebase.googleapis.com/v1beta1/projects/anshs-sakaysalaysay 200
[debug] [2026-03-02T13:59:38.530Z] <<< [apiv2][body] GET https://firebase.googleapis.com/v1beta1/projects/anshs-sakaysalaysay {"projectId":"anshs-sakaysalaysay","projectNumber":"857252004236","displayName":"anshs-sakaysalaysay","name":"projects/anshs-sakaysalaysay","resources":{"hostingSite":"anshs-sakaysalaysay","realtimeDatabaseInstance":"anshs-sakaysalaysay-default-rtdb"},"state":"ACTIVE","etag":"1_3b02470a-763e-4663-918c-b07e2e9e35ae"}
[info] i  Using project anshs-sakaysalaysay (anshs-sakaysalaysay) . 
[info] 
=== Hosting Setup
[debug] [2026-03-02T13:59:38.537Z] Checked if tokens are valid: true, expires at: 1772462111745
[debug] [2026-03-02T13:59:38.537Z] Checked if tokens are valid: true, expires at: 1772462111745
[debug] [2026-03-02T13:59:38.537Z] >>> [apiv2][query] GET https://firebase.googleapis.com/v1beta1/projects/anshs-sakaysalaysay [none]
[debug] [2026-03-02T13:59:38.852Z] <<< [apiv2][status] GET https://firebase.googleapis.com/v1beta1/projects/anshs-sakaysalaysay 200
[debug] [2026-03-02T13:59:38.852Z] <<< [apiv2][body] GET https://firebase.googleapis.com/v1beta1/projects/anshs-sakaysalaysay {"projectId":"anshs-sakaysalaysay","projectNumber":"857252004236","displayName":"anshs-sakaysalaysay","name":"projects/anshs-sakaysalaysay","resources":{"hostingSite":"anshs-sakaysalaysay","realtimeDatabaseInstance":"anshs-sakaysalaysay-default-rtdb"},"state":"ACTIVE","etag":"1_3b02470a-763e-4663-918c-b07e2e9e35ae"}
[info] 
[info] Your public directory is the folder (relative to your project directory) that
[info] will contain Hosting assets to be uploaded with firebase deploy. If you
[info] have a build process for your assets, use your build's output directory.
[info] 
[info] 
[info] i  Didn't detect a .git folder. Assuming C:\Users\Admin\Desktop\Sakaysalaysay is the project root. 
[info] i  Authorizing with GitHub to upload your service account to a GitHub repository's secrets store. 
[info] 
[info] Visit this URL on this device to log in:
[info] https://github.com/login/oauth/authorize?client_id=89cf50f02ac6aaed3484&state=163677983&redirect_uri=http%3A%2F%2Flocalhost%3A9005&scope=read%3Auser%20repo%20public_repo
[info] 
[info] Waiting for authentication...
[debug] [2026-03-02T13:59:48.467Z] >>> [apiv2][query] POST https://github.com/login/oauth/access_token [none]
[debug] [2026-03-02T13:59:48.467Z] >>> [apiv2][body] POST https://github.com/login/oauth/access_token [stream]
[debug] [2026-03-02T13:59:49.629Z] <<< [apiv2][status] POST https://github.com/login/oauth/access_token 200
[debug] [2026-03-02T13:59:49.629Z] <<< [apiv2][body] POST https://github.com/login/oauth/access_token {"access_token":"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","token_type":"bearer","scope":"read:user,repo"}
[debug] [2026-03-02T13:59:49.632Z] >>> [apiv2][query] GET https://api.github.com/user [none]
[debug] [2026-03-02T13:59:50.123Z] <<< [apiv2][status] GET https://api.github.com/user 200
[debug] [2026-03-02T13:59:50.124Z] <<< [apiv2][body] GET https://api.github.com/user {"login":"KDIouy","id":131257981,"node_id":"U_kgDOB9LWfQ","avatar_url":"https://avatars.githubusercontent.com/u/131257981?v=4","gravatar_id":"","url":"https://api.github.com/users/KDIouy","html_url":"https://github.com/KDIouy","followers_url":"https://api.github.com/users/KDIouy/followers","following_url":"https://api.github.com/users/KDIouy/following{/other_user}","gists_url":"https://api.github.com/users/KDIouy/gists{/gist_id}","starred_url":"https://api.github.com/users/KDIouy/starred{/owner}{/repo}","subscriptions_url":"https://api.github.com/users/KDIouy/subscriptions","organizations_url":"https://api.github.com/users/KDIouy/orgs","repos_url":"https://api.github.com/users/KDIouy/repos","events_url":"https://api.github.com/users/KDIouy/events{/privacy}","received_events_url":"https://api.github.com/users/KDIouy/received_events","type":"User","user_view_type":"private","site_admin":false,"name":null,"company":null,"blog":"","location":null,"email":null,"hireable":null,"bio":null,"twitter_username":null,"notification_email":null,"public_repos":2,"public_gists":0,"followers":0,"following":0,"created_at":"2023-04-19T10:42:00Z","updated_at":"2023-04-19T10:42:00Z","private_gists":0,"total_private_repos":0,"owned_private_repos":0,"disk_usage":4515,"collaborators":0,"two_factor_authentication":false,"plan":{"name":"free","space":976562499,"collaborators":0,"private_repos":10000}}
[info] 
[info] +  Success! Logged into GitHub as KDIouy 
[info] 
